{"/Users/anabhi/practice/React/chat-app-react/src/App.jsx": {"path":"/Users/anabhi/practice/React/chat-app-react/src/App.jsx","statementMap":{"0":{"start":{"line":9,"column":17},"end":{"line":9,"column":50}},"1":{"start":{"line":11,"column":2},"end":{"line":17,"column":3}}},"fnMap":{"0":{"name":"App","decl":{"start":{"line":7,"column":9},"end":{"line":7,"column":12}},"loc":{"start":{"line":7,"column":15},"end":{"line":18,"column":1}},"line":7}},"branchMap":{},"s":{"0":1,"1":1},"f":{"0":1},"b":{},"_coverageSchema":"1a1c01bbd47fc00a2c39e90264f33305004495a9","hash":"259b87e51ac20893fbddc0662b83a0dcf9bd1eb5"}
,"/Users/anabhi/practice/React/chat-app-react/src/routes.jsx": {"path":"/Users/anabhi/practice/React/chat-app-react/src/routes.jsx","statementMap":{"0":{"start":{"line":5,"column":21},"end":{"line":22,"column":1}}},"fnMap":{},"branchMap":{},"s":{"0":4},"f":{},"b":{},"_coverageSchema":"1a1c01bbd47fc00a2c39e90264f33305004495a9","hash":"8e5cb7affae8af2fd6a821e1a9507cf9452b0a09"}
,"/Users/anabhi/practice/React/chat-app-react/src/components/Chat/Chat.jsx": {"path":"/Users/anabhi/practice/React/chat-app-react/src/components/Chat/Chat.jsx","statementMap":{"0":{"start":{"line":9,"column":0},"end":{"line":14,"column":1}},"1":{"start":{"line":18,"column":42},"end":{"line":18,"column":54}},"2":{"start":{"line":19,"column":32},"end":{"line":19,"column":44}},"3":{"start":{"line":20,"column":17},"end":{"line":20,"column":42}},"4":{"start":{"line":21,"column":15},"end":{"line":21,"column":38}},"5":{"start":{"line":22,"column":23},"end":{"line":22,"column":63}},"6":{"start":{"line":24,"column":2},"end":{"line":34,"column":14}},"7":{"start":{"line":25,"column":4},"end":{"line":29,"column":6}},"8":{"start":{"line":26,"column":6},"end":{"line":26,"column":41}},"9":{"start":{"line":27,"column":6},"end":{"line":27,"column":22}},"10":{"start":{"line":28,"column":6},"end":{"line":28,"column":69}},"11":{"start":{"line":28,"column":42},"end":{"line":28,"column":68}},"12":{"start":{"line":31,"column":4},"end":{"line":33,"column":5}},"13":{"start":{"line":32,"column":6},"end":{"line":32,"column":32}},"14":{"start":{"line":36,"column":2},"end":{"line":38,"column":34}},"15":{"start":{"line":37,"column":4},"end":{"line":37,"column":72}},"16":{"start":{"line":37,"column":22},"end":{"line":37,"column":72}},"17":{"start":{"line":40,"column":2},"end":{"line":44,"column":12}},"18":{"start":{"line":41,"column":4},"end":{"line":41,"column":31}},"19":{"start":{"line":42,"column":28},"end":{"line":42,"column":48}},"20":{"start":{"line":43,"column":4},"end":{"line":43,"column":41}},"21":{"start":{"line":46,"column":27},"end":{"line":48,"column":3}},"22":{"start":{"line":47,"column":4},"end":{"line":47,"column":27}},"23":{"start":{"line":50,"column":22},"end":{"line":60,"column":3}},"24":{"start":{"line":51,"column":4},"end":{"line":51,"column":26}},"25":{"start":{"line":52,"column":4},"end":{"line":59,"column":8}},"26":{"start":{"line":54,"column":8},"end":{"line":54,"column":24}},"27":{"start":{"line":55,"column":8},"end":{"line":55,"column":22}},"28":{"start":{"line":58,"column":8},"end":{"line":58,"column":24}},"29":{"start":{"line":62,"column":22},"end":{"line":68,"column":3}},"30":{"start":{"line":63,"column":15},"end":{"line":63,"column":32}},"31":{"start":{"line":64,"column":19},"end":{"line":64,"column":44}},"32":{"start":{"line":65,"column":4},"end":{"line":65,"column":54}},"33":{"start":{"line":66,"column":15},"end":{"line":66,"column":47}},"34":{"start":{"line":67,"column":4},"end":{"line":67,"column":47}},"35":{"start":{"line":70,"column":2},"end":{"line":100,"column":3}},"36":{"start":{"line":84,"column":12},"end":{"line":88,"column":17}},"37":{"start":{"line":94,"column":130},"end":{"line":94,"column":156}}},"fnMap":{"0":{"name":"Chat","decl":{"start":{"line":16,"column":24},"end":{"line":16,"column":28}},"loc":{"start":{"line":16,"column":73},"end":{"line":101,"column":1}},"line":16},"1":{"name":"(anonymous_1)","decl":{"start":{"line":24,"column":12},"end":{"line":24,"column":13}},"loc":{"start":{"line":24,"column":18},"end":{"line":34,"column":3}},"line":24},"2":{"name":"(anonymous_2)","decl":{"start":{"line":25,"column":30},"end":{"line":25,"column":31}},"loc":{"start":{"line":25,"column":37},"end":{"line":29,"column":5}},"line":25},"3":{"name":"(anonymous_3)","decl":{"start":{"line":28,"column":22},"end":{"line":28,"column":23}},"loc":{"start":{"line":28,"column":42},"end":{"line":28,"column":68}},"line":28},"4":{"name":"(anonymous_4)","decl":{"start":{"line":31,"column":11},"end":{"line":31,"column":12}},"loc":{"start":{"line":31,"column":17},"end":{"line":33,"column":5}},"line":31},"5":{"name":"(anonymous_5)","decl":{"start":{"line":36,"column":12},"end":{"line":36,"column":13}},"loc":{"start":{"line":36,"column":18},"end":{"line":38,"column":3}},"line":36},"6":{"name":"(anonymous_6)","decl":{"start":{"line":40,"column":12},"end":{"line":40,"column":13}},"loc":{"start":{"line":40,"column":18},"end":{"line":44,"column":3}},"line":40},"7":{"name":"(anonymous_7)","decl":{"start":{"line":46,"column":27},"end":{"line":46,"column":28}},"loc":{"start":{"line":46,"column":33},"end":{"line":48,"column":3}},"line":46},"8":{"name":"(anonymous_8)","decl":{"start":{"line":50,"column":22},"end":{"line":50,"column":23}},"loc":{"start":{"line":50,"column":33},"end":{"line":60,"column":3}},"line":50},"9":{"name":"(anonymous_9)","decl":{"start":{"line":53,"column":12},"end":{"line":53,"column":13}},"loc":{"start":{"line":53,"column":19},"end":{"line":56,"column":7}},"line":53},"10":{"name":"(anonymous_10)","decl":{"start":{"line":57,"column":13},"end":{"line":57,"column":14}},"loc":{"start":{"line":57,"column":22},"end":{"line":59,"column":7}},"line":57},"11":{"name":"(anonymous_11)","decl":{"start":{"line":62,"column":22},"end":{"line":62,"column":23}},"loc":{"start":{"line":62,"column":35},"end":{"line":68,"column":3}},"line":62},"12":{"name":"(anonymous_12)","decl":{"start":{"line":83,"column":28},"end":{"line":83,"column":29}},"loc":{"start":{"line":84,"column":12},"end":{"line":88,"column":17}},"line":84},"13":{"name":"(anonymous_13)","decl":{"start":{"line":94,"column":123},"end":{"line":94,"column":124}},"loc":{"start":{"line":94,"column":130},"end":{"line":94,"column":156}},"line":94}},"branchMap":{"0":{"loc":{"start":{"line":37,"column":4},"end":{"line":37,"column":72}},"type":"if","locations":[{"start":{"line":37,"column":4},"end":{"line":37,"column":72}},{"start":{},"end":{}}],"line":37},"1":{"loc":{"start":{"line":42,"column":28},"end":{"line":42,"column":48}},"type":"binary-expr","locations":[{"start":{"line":42,"column":28},"end":{"line":42,"column":42}},{"start":{"line":42,"column":46},"end":{"line":42,"column":48}}],"line":42},"2":{"loc":{"start":{"line":71,"column":66},"end":{"line":71,"column":93}},"type":"cond-expr","locations":[{"start":{"line":71,"column":74},"end":{"line":71,"column":82}},{"start":{"line":71,"column":83},"end":{"line":71,"column":93}}],"line":71},"3":{"loc":{"start":{"line":84,"column":37},"end":{"line":84,"column":83}},"type":"cond-expr","locations":[{"start":{"line":84,"column":67},"end":{"line":84,"column":73}},{"start":{"line":84,"column":74},"end":{"line":84,"column":83}}],"line":84}},"s":{"0":4,"1":11,"2":11,"3":11,"4":11,"5":11,"6":11,"7":4,"8":4,"9":4,"10":4,"11":4,"12":4,"13":4,"14":11,"15":8,"16":4,"17":11,"18":4,"19":4,"20":4,"21":11,"22":1,"23":11,"24":2,"25":2,"26":1,"27":1,"28":1,"29":11,"30":7,"31":7,"32":7,"33":7,"34":7,"35":11,"36":7,"37":2},"f":{"0":11,"1":4,"2":4,"3":4,"4":4,"5":8,"6":4,"7":1,"8":2,"9":1,"10":1,"11":7,"12":7,"13":2},"b":{"0":[4,4],"1":[4,0],"2":[9,2],"3":[0,7]},"_coverageSchema":"1a1c01bbd47fc00a2c39e90264f33305004495a9","hash":"668fd161867db7ba76f901136269837eed56041a"}
,"/Users/anabhi/practice/React/chat-app-react/src/components/Contacts/Contacts.jsx": {"path":"/Users/anabhi/practice/React/chat-app-react/src/components/Contacts/Contacts.jsx","statementMap":{"0":{"start":{"line":9,"column":0},"end":{"line":12,"column":1}},"1":{"start":{"line":15,"column":28},"end":{"line":15,"column":40}},"2":{"start":{"line":16,"column":22},"end":{"line":16,"column":45}},"3":{"start":{"line":18,"column":2},"end":{"line":27,"column":19}},"4":{"start":{"line":19,"column":4},"end":{"line":26,"column":8}},"5":{"start":{"line":21,"column":23},"end":{"line":21,"column":75}},"6":{"start":{"line":21,"column":42},"end":{"line":21,"column":74}},"7":{"start":{"line":22,"column":6},"end":{"line":22,"column":24}},"8":{"start":{"line":25,"column":8},"end":{"line":25,"column":24}},"9":{"start":{"line":29,"column":18},"end":{"line":35,"column":3}},"10":{"start":{"line":30,"column":4},"end":{"line":34,"column":8}},"11":{"start":{"line":32,"column":8},"end":{"line":32,"column":31}},"12":{"start":{"line":33,"column":8},"end":{"line":33,"column":34}},"13":{"start":{"line":37,"column":2},"end":{"line":45,"column":3}},"14":{"start":{"line":41,"column":10},"end":{"line":41,"column":127}},"15":{"start":{"line":41,"column":75},"end":{"line":41,"column":88}}},"fnMap":{"0":{"name":"Contacts","decl":{"start":{"line":14,"column":24},"end":{"line":14,"column":32}},"loc":{"start":{"line":14,"column":70},"end":{"line":46,"column":1}},"line":14},"1":{"name":"(anonymous_1)","decl":{"start":{"line":18,"column":12},"end":{"line":18,"column":13}},"loc":{"start":{"line":18,"column":18},"end":{"line":27,"column":3}},"line":18},"2":{"name":"(anonymous_2)","decl":{"start":{"line":20,"column":10},"end":{"line":20,"column":11}},"loc":{"start":{"line":20,"column":17},"end":{"line":23,"column":5}},"line":20},"3":{"name":"(anonymous_3)","decl":{"start":{"line":21,"column":34},"end":{"line":21,"column":35}},"loc":{"start":{"line":21,"column":42},"end":{"line":21,"column":74}},"line":21},"4":{"name":"(anonymous_4)","decl":{"start":{"line":24,"column":11},"end":{"line":24,"column":12}},"loc":{"start":{"line":24,"column":20},"end":{"line":26,"column":7}},"line":24},"5":{"name":"(anonymous_5)","decl":{"start":{"line":29,"column":18},"end":{"line":29,"column":19}},"loc":{"start":{"line":29,"column":28},"end":{"line":35,"column":3}},"line":29},"6":{"name":"(anonymous_6)","decl":{"start":{"line":31,"column":12},"end":{"line":31,"column":13}},"loc":{"start":{"line":31,"column":19},"end":{"line":34,"column":7}},"line":31},"7":{"name":"(anonymous_7)","decl":{"start":{"line":40,"column":19},"end":{"line":40,"column":20}},"loc":{"start":{"line":41,"column":10},"end":{"line":41,"column":127}},"line":41},"8":{"name":"(anonymous_8)","decl":{"start":{"line":41,"column":69},"end":{"line":41,"column":70}},"loc":{"start":{"line":41,"column":75},"end":{"line":41,"column":88}},"line":41}},"branchMap":{},"s":{"0":4,"1":11,"2":11,"3":11,"4":7,"5":6,"6":2,"7":6,"8":1,"9":11,"10":1,"11":1,"12":1,"13":11,"14":2,"15":1},"f":{"0":11,"1":7,"2":6,"3":2,"4":1,"5":1,"6":1,"7":2,"8":1},"b":{},"_coverageSchema":"1a1c01bbd47fc00a2c39e90264f33305004495a9","hash":"d543c8c4a4576fc0d1cc8f9734c380ca615e6ee1"}
,"/Users/anabhi/practice/React/chat-app-react/src/components/Rooms/Rooms.jsx": {"path":"/Users/anabhi/practice/React/chat-app-react/src/components/Rooms/Rooms.jsx","statementMap":{"0":{"start":{"line":7,"column":0},"end":{"line":10,"column":1}},"1":{"start":{"line":13,"column":28},"end":{"line":13,"column":40}},"2":{"start":{"line":15,"column":2},"end":{"line":23,"column":8}},"3":{"start":{"line":16,"column":4},"end":{"line":22,"column":8}},"4":{"start":{"line":18,"column":8},"end":{"line":18,"column":21}},"5":{"start":{"line":21,"column":8},"end":{"line":21,"column":24}},"6":{"start":{"line":25,"column":18},"end":{"line":31,"column":3}},"7":{"start":{"line":26,"column":4},"end":{"line":30,"column":8}},"8":{"start":{"line":28,"column":8},"end":{"line":28,"column":32}},"9":{"start":{"line":29,"column":8},"end":{"line":29,"column":31}},"10":{"start":{"line":33,"column":2},"end":{"line":45,"column":3}},"11":{"start":{"line":37,"column":10},"end":{"line":41,"column":45}},"12":{"start":{"line":40,"column":27},"end":{"line":40,"column":40}}},"fnMap":{"0":{"name":"Rooms","decl":{"start":{"line":12,"column":24},"end":{"line":12,"column":29}},"loc":{"start":{"line":12,"column":68},"end":{"line":46,"column":1}},"line":12},"1":{"name":"(anonymous_1)","decl":{"start":{"line":15,"column":12},"end":{"line":15,"column":13}},"loc":{"start":{"line":15,"column":18},"end":{"line":23,"column":3}},"line":15},"2":{"name":"(anonymous_2)","decl":{"start":{"line":17,"column":12},"end":{"line":17,"column":13}},"loc":{"start":{"line":17,"column":19},"end":{"line":19,"column":7}},"line":17},"3":{"name":"(anonymous_3)","decl":{"start":{"line":20,"column":13},"end":{"line":20,"column":14}},"loc":{"start":{"line":20,"column":22},"end":{"line":22,"column":7}},"line":20},"4":{"name":"(anonymous_4)","decl":{"start":{"line":25,"column":18},"end":{"line":25,"column":19}},"loc":{"start":{"line":25,"column":28},"end":{"line":31,"column":3}},"line":25},"5":{"name":"(anonymous_5)","decl":{"start":{"line":27,"column":12},"end":{"line":27,"column":13}},"loc":{"start":{"line":27,"column":19},"end":{"line":30,"column":7}},"line":27},"6":{"name":"(anonymous_6)","decl":{"start":{"line":36,"column":19},"end":{"line":36,"column":20}},"loc":{"start":{"line":37,"column":10},"end":{"line":41,"column":45}},"line":37},"7":{"name":"(anonymous_7)","decl":{"start":{"line":40,"column":21},"end":{"line":40,"column":22}},"loc":{"start":{"line":40,"column":27},"end":{"line":40,"column":40}},"line":40}},"branchMap":{},"s":{"0":4,"1":9,"2":9,"3":4,"4":3,"5":1,"6":9,"7":1,"8":1,"9":1,"10":9,"11":3,"12":1},"f":{"0":9,"1":4,"2":3,"3":1,"4":1,"5":1,"6":3,"7":1},"b":{},"_coverageSchema":"1a1c01bbd47fc00a2c39e90264f33305004495a9","hash":"126ea5c0be91ccc73bdfacfa0c8382d8d8618156"}
,"/Users/anabhi/practice/React/chat-app-react/src/context/socketContext.jsx": {"path":"/Users/anabhi/practice/React/chat-app-react/src/context/socketContext.jsx","statementMap":{"0":{"start":{"line":5,"column":22},"end":{"line":5,"column":37}},"1":{"start":{"line":7,"column":23},"end":{"line":16,"column":1}},"2":{"start":{"line":8,"column":14},"end":{"line":8,"column":103}},"3":{"start":{"line":10,"column":17},"end":{"line":10,"column":24}},"4":{"start":{"line":11,"column":2},"end":{"line":15,"column":3}},"5":{"start":{"line":18,"column":0},"end":{"line":20,"column":1}}},"fnMap":{"0":{"name":"(anonymous_0)","decl":{"start":{"line":7,"column":23},"end":{"line":7,"column":24}},"loc":{"start":{"line":7,"column":41},"end":{"line":16,"column":1}},"line":7}},"branchMap":{"0":{"loc":{"start":{"line":8,"column":14},"end":{"line":8,"column":103}},"type":"cond-expr","locations":[{"start":{"line":8,"column":63},"end":{"line":8,"column":72}},{"start":{"line":8,"column":75},"end":{"line":8,"column":103}}],"line":8}},"s":{"0":5,"1":5,"2":16,"3":16,"4":16,"5":5},"f":{"0":16},"b":{"0":[0,16]},"_coverageSchema":"1a1c01bbd47fc00a2c39e90264f33305004495a9","hash":"f4ec1713d23938ccf92e575f5cebd97077567669"}
,"/Users/anabhi/practice/React/chat-app-react/src/context/userContext.jsx": {"path":"/Users/anabhi/practice/React/chat-app-react/src/context/userContext.jsx","statementMap":{"0":{"start":{"line":4,"column":20},"end":{"line":4,"column":35}},"1":{"start":{"line":6,"column":21},"end":{"line":14,"column":1}},"2":{"start":{"line":7,"column":26},"end":{"line":7,"column":45}},"3":{"start":{"line":9,"column":4},"end":{"line":13,"column":3}},"4":{"start":{"line":16,"column":0},"end":{"line":18,"column":1}}},"fnMap":{"0":{"name":"(anonymous_0)","decl":{"start":{"line":6,"column":21},"end":{"line":6,"column":22}},"loc":{"start":{"line":6,"column":39},"end":{"line":14,"column":1}},"line":6}},"branchMap":{},"s":{"0":6,"1":6,"2":27,"3":27,"4":6},"f":{"0":27},"b":{},"_coverageSchema":"1a1c01bbd47fc00a2c39e90264f33305004495a9","hash":"2e9389016411ecd395942b64b2583b5aa1e9da69"}
,"/Users/anabhi/practice/React/chat-app-react/src/pages/Home/Home.jsx": {"path":"/Users/anabhi/practice/React/chat-app-react/src/pages/Home/Home.jsx","statementMap":{"0":{"start":{"line":11,"column":42},"end":{"line":11,"column":61}},"1":{"start":{"line":12,"column":34},"end":{"line":12,"column":46}},"2":{"start":{"line":13,"column":38},"end":{"line":13,"column":53}},"3":{"start":{"line":14,"column":17},"end":{"line":14,"column":42}},"4":{"start":{"line":15,"column":15},"end":{"line":15,"column":38}},"5":{"start":{"line":17,"column":2},"end":{"line":20,"column":8}},"6":{"start":{"line":18,"column":21},"end":{"line":18,"column":60}},"7":{"start":{"line":19,"column":4},"end":{"line":19,"column":38}},"8":{"start":{"line":22,"column":29},"end":{"line":27,"column":3}},"9":{"start":{"line":23,"column":4},"end":{"line":23,"column":48}},"10":{"start":{"line":24,"column":4},"end":{"line":24,"column":38}},"11":{"start":{"line":25,"column":4},"end":{"line":25,"column":25}},"12":{"start":{"line":26,"column":4},"end":{"line":26,"column":23}},"13":{"start":{"line":29,"column":25},"end":{"line":31,"column":3}},"14":{"start":{"line":30,"column":4},"end":{"line":30,"column":21}},"15":{"start":{"line":33,"column":27},"end":{"line":35,"column":3}},"16":{"start":{"line":34,"column":4},"end":{"line":34,"column":29}},"17":{"start":{"line":37,"column":2},"end":{"line":49,"column":3}}},"fnMap":{"0":{"name":"Home","decl":{"start":{"line":9,"column":24},"end":{"line":9,"column":28}},"loc":{"start":{"line":9,"column":31},"end":{"line":50,"column":1}},"line":9},"1":{"name":"(anonymous_1)","decl":{"start":{"line":17,"column":12},"end":{"line":17,"column":13}},"loc":{"start":{"line":17,"column":18},"end":{"line":20,"column":3}},"line":17},"2":{"name":"(anonymous_2)","decl":{"start":{"line":22,"column":29},"end":{"line":22,"column":30}},"loc":{"start":{"line":22,"column":39},"end":{"line":27,"column":3}},"line":22},"3":{"name":"(anonymous_3)","decl":{"start":{"line":29,"column":25},"end":{"line":29,"column":26}},"loc":{"start":{"line":29,"column":35},"end":{"line":31,"column":3}},"line":29},"4":{"name":"(anonymous_4)","decl":{"start":{"line":33,"column":27},"end":{"line":33,"column":28}},"loc":{"start":{"line":33,"column":43},"end":{"line":35,"column":3}},"line":33}},"branchMap":{"0":{"loc":{"start":{"line":41,"column":44},"end":{"line":41,"column":75}},"type":"cond-expr","locations":[{"start":{"line":41,"column":56},"end":{"line":41,"column":66}},{"start":{"line":41,"column":67},"end":{"line":41,"column":75}}],"line":41},"1":{"loc":{"start":{"line":45,"column":10},"end":{"line":45,"column":130}},"type":"binary-expr","locations":[{"start":{"line":45,"column":10},"end":{"line":45,"column":22}},{"start":{"line":45,"column":26},"end":{"line":45,"column":130}}],"line":45}},"s":{"0":15,"1":15,"2":15,"3":15,"4":15,"5":15,"6":6,"7":6,"8":15,"9":2,"10":2,"11":2,"12":2,"13":15,"14":2,"15":15,"16":1,"17":15},"f":{"0":15,"1":6,"2":2,"3":2,"4":1},"b":{"0":[2,13],"1":[15,3]},"_coverageSchema":"1a1c01bbd47fc00a2c39e90264f33305004495a9","hash":"fa9dfe356b05f89a5a075d89407c6e86907bd26d"}
,"/Users/anabhi/practice/React/chat-app-react/src/pages/Login/Login.jsx": {"path":"/Users/anabhi/practice/React/chat-app-react/src/pages/Login/Login.jsx","statementMap":{"0":{"start":{"line":8,"column":19},"end":{"line":8,"column":32}},"1":{"start":{"line":9,"column":28},"end":{"line":9,"column":40}},"2":{"start":{"line":10,"column":34},"end":{"line":10,"column":46}},"3":{"start":{"line":11,"column":15},"end":{"line":11,"column":38}},"4":{"start":{"line":13,"column":22},"end":{"line":25,"column":3}},"5":{"start":{"line":14,"column":4},"end":{"line":14,"column":26}},"6":{"start":{"line":15,"column":4},"end":{"line":24,"column":6}},"7":{"start":{"line":17,"column":6},"end":{"line":17,"column":22}},"8":{"start":{"line":18,"column":6},"end":{"line":18,"column":23}},"9":{"start":{"line":19,"column":6},"end":{"line":19,"column":66}},"10":{"start":{"line":20,"column":6},"end":{"line":20,"column":23}},"11":{"start":{"line":23,"column":6},"end":{"line":23,"column":24}},"12":{"start":{"line":27,"column":2},"end":{"line":46,"column":3}},"13":{"start":{"line":33,"column":104},"end":{"line":33,"column":128}},"14":{"start":{"line":37,"column":117},"end":{"line":37,"column":144}}},"fnMap":{"0":{"name":"Login","decl":{"start":{"line":7,"column":24},"end":{"line":7,"column":29}},"loc":{"start":{"line":7,"column":32},"end":{"line":47,"column":1}},"line":7},"1":{"name":"(anonymous_1)","decl":{"start":{"line":13,"column":22},"end":{"line":13,"column":23}},"loc":{"start":{"line":13,"column":33},"end":{"line":25,"column":3}},"line":13},"2":{"name":"(anonymous_2)","decl":{"start":{"line":16,"column":10},"end":{"line":16,"column":11}},"loc":{"start":{"line":16,"column":17},"end":{"line":21,"column":5}},"line":16},"3":{"name":"(anonymous_3)","decl":{"start":{"line":22,"column":11},"end":{"line":22,"column":12}},"loc":{"start":{"line":22,"column":20},"end":{"line":24,"column":5}},"line":22},"4":{"name":"(anonymous_4)","decl":{"start":{"line":33,"column":97},"end":{"line":33,"column":98}},"loc":{"start":{"line":33,"column":104},"end":{"line":33,"column":128}},"line":33},"5":{"name":"(anonymous_5)","decl":{"start":{"line":37,"column":110},"end":{"line":37,"column":111}},"loc":{"start":{"line":37,"column":117},"end":{"line":37,"column":144}},"line":37}},"branchMap":{},"s":{"0":39,"1":39,"2":39,"3":39,"4":39,"5":2,"6":2,"7":1,"8":1,"9":1,"10":1,"11":1,"12":39,"13":20,"14":16},"f":{"0":39,"1":2,"2":1,"3":1,"4":20,"5":16},"b":{},"_coverageSchema":"1a1c01bbd47fc00a2c39e90264f33305004495a9","hash":"599426cf72fbb1c292d91c782ea862d84c40f8ba"}
,"/Users/anabhi/practice/React/chat-app-react/src/pages/Signup/Signup.jsx": {"path":"/Users/anabhi/practice/React/chat-app-react/src/pages/Signup/Signup.jsx","statementMap":{"0":{"start":{"line":9,"column":19},"end":{"line":9,"column":32}},"1":{"start":{"line":10,"column":74},"end":{"line":10,"column":83}},"2":{"start":{"line":11,"column":15},"end":{"line":11,"column":38}},"3":{"start":{"line":13,"column":22},"end":{"line":29,"column":3}},"4":{"start":{"line":27,"column":8},"end":{"line":27,"column":61}},"5":{"start":{"line":31,"column":23},"end":{"line":42,"column":4}},"6":{"start":{"line":32,"column":4},"end":{"line":41,"column":8}},"7":{"start":{"line":34,"column":8},"end":{"line":34,"column":24}},"8":{"start":{"line":35,"column":8},"end":{"line":35,"column":25}},"9":{"start":{"line":36,"column":8},"end":{"line":36,"column":68}},"10":{"start":{"line":37,"column":8},"end":{"line":37,"column":25}},"11":{"start":{"line":40,"column":8},"end":{"line":40,"column":26}},"12":{"start":{"line":44,"column":2},"end":{"line":82,"column":3}}},"fnMap":{"0":{"name":"Signup","decl":{"start":{"line":8,"column":24},"end":{"line":8,"column":30}},"loc":{"start":{"line":8,"column":33},"end":{"line":83,"column":1}},"line":8},"1":{"name":"(anonymous_1)","decl":{"start":{"line":26,"column":16},"end":{"line":26,"column":17}},"loc":{"start":{"line":27,"column":8},"end":{"line":27,"column":61}},"line":27},"2":{"name":"(anonymous_2)","decl":{"start":{"line":31,"column":36},"end":{"line":31,"column":37}},"loc":{"start":{"line":31,"column":46},"end":{"line":42,"column":3}},"line":31},"3":{"name":"(anonymous_3)","decl":{"start":{"line":33,"column":12},"end":{"line":33,"column":13}},"loc":{"start":{"line":33,"column":19},"end":{"line":38,"column":7}},"line":33},"4":{"name":"(anonymous_4)","decl":{"start":{"line":39,"column":13},"end":{"line":39,"column":14}},"loc":{"start":{"line":39,"column":22},"end":{"line":41,"column":7}},"line":39}},"branchMap":{"0":{"loc":{"start":{"line":27,"column":8},"end":{"line":27,"column":61}},"type":"binary-expr","locations":[{"start":{"line":27,"column":8},"end":{"line":27,"column":35}},{"start":{"line":27,"column":39},"end":{"line":27,"column":61}}],"line":27},"1":{"loc":{"start":{"line":50,"column":76},"end":{"line":50,"column":106}},"type":"cond-expr","locations":[{"start":{"line":50,"column":90},"end":{"line":50,"column":103}},{"start":{"line":50,"column":104},"end":{"line":50,"column":106}}],"line":50},"2":{"loc":{"start":{"line":53,"column":14},"end":{"line":53,"column":124}},"type":"binary-expr","locations":[{"start":{"line":53,"column":14},"end":{"line":53,"column":26}},{"start":{"line":53,"column":30},"end":{"line":53,"column":124}}],"line":53},"3":{"loc":{"start":{"line":58,"column":82},"end":{"line":58,"column":114}},"type":"binary-expr","locations":[{"start":{"line":58,"column":82},"end":{"line":58,"column":97}},{"start":{"line":58,"column":101},"end":{"line":58,"column":114}}],"line":58},"4":{"loc":{"start":{"line":61,"column":14},"end":{"line":61,"column":133}},"type":"binary-expr","locations":[{"start":{"line":61,"column":14},"end":{"line":61,"column":29}},{"start":{"line":61,"column":33},"end":{"line":61,"column":133}}],"line":61},"5":{"loc":{"start":{"line":66,"column":89},"end":{"line":66,"column":128}},"type":"binary-expr","locations":[{"start":{"line":66,"column":89},"end":{"line":66,"column":111}},{"start":{"line":66,"column":115},"end":{"line":66,"column":128}}],"line":66},"6":{"loc":{"start":{"line":69,"column":14},"end":{"line":69,"column":154}},"type":"binary-expr","locations":[{"start":{"line":69,"column":14},"end":{"line":69,"column":36}},{"start":{"line":69,"column":40},"end":{"line":69,"column":154}}],"line":69}},"s":{"0":11,"1":11,"2":11,"3":11,"4":24,"5":11,"6":2,"7":1,"8":1,"9":1,"10":1,"11":1,"12":11},"f":{"0":11,"1":24,"2":2,"3":1,"4":1},"b":{"0":[24,18],"1":[1,10],"2":[11,1],"3":[11,1],"4":[11,1],"5":[11,2],"6":[11,2]},"_coverageSchema":"1a1c01bbd47fc00a2c39e90264f33305004495a9","hash":"4f8c218fc60058c7e456f276ecfe9d18678c76bb"}
,"/Users/anabhi/practice/React/chat-app-react/src/services/auth.js": {"path":"/Users/anabhi/practice/React/chat-app-react/src/services/auth.js","statementMap":{"0":{"start":{"line":3,"column":21},"end":{"line":19,"column":1}},"1":{"start":{"line":4,"column":2},"end":{"line":18,"column":3}},"2":{"start":{"line":5,"column":21},"end":{"line":12,"column":6}},"3":{"start":{"line":13,"column":4},"end":{"line":13,"column":43}},"4":{"start":{"line":13,"column":21},"end":{"line":13,"column":43}},"5":{"start":{"line":14,"column":25},"end":{"line":14,"column":67}},"6":{"start":{"line":15,"column":4},"end":{"line":15,"column":33}},"7":{"start":{"line":17,"column":4},"end":{"line":17,"column":16}},"8":{"start":{"line":21,"column":22},"end":{"line":37,"column":1}},"9":{"start":{"line":22,"column":2},"end":{"line":36,"column":3}},"10":{"start":{"line":23,"column":21},"end":{"line":30,"column":6}},"11":{"start":{"line":31,"column":4},"end":{"line":31,"column":43}},"12":{"start":{"line":31,"column":21},"end":{"line":31,"column":43}},"13":{"start":{"line":32,"column":25},"end":{"line":32,"column":67}},"14":{"start":{"line":33,"column":4},"end":{"line":33,"column":33}},"15":{"start":{"line":35,"column":4},"end":{"line":35,"column":16}}},"fnMap":{"0":{"name":"(anonymous_0)","decl":{"start":{"line":3,"column":21},"end":{"line":3,"column":22}},"loc":{"start":{"line":3,"column":50},"end":{"line":19,"column":1}},"line":3},"1":{"name":"(anonymous_1)","decl":{"start":{"line":21,"column":22},"end":{"line":21,"column":23}},"loc":{"start":{"line":21,"column":50},"end":{"line":37,"column":1}},"line":21}},"branchMap":{"0":{"loc":{"start":{"line":13,"column":4},"end":{"line":13,"column":43}},"type":"if","locations":[{"start":{"line":13,"column":4},"end":{"line":13,"column":43}},{"start":{},"end":{}}],"line":13},"1":{"loc":{"start":{"line":31,"column":4},"end":{"line":31,"column":43}},"type":"if","locations":[{"start":{"line":31,"column":4},"end":{"line":31,"column":43}},{"start":{},"end":{}}],"line":31}},"s":{"0":3,"1":2,"2":2,"3":2,"4":1,"5":1,"6":1,"7":1,"8":3,"9":2,"10":2,"11":2,"12":1,"13":1,"14":1,"15":1},"f":{"0":2,"1":2},"b":{"0":[1,1],"1":[1,1]},"_coverageSchema":"1a1c01bbd47fc00a2c39e90264f33305004495a9","hash":"856e9164b0978db6e2c63c26b0fedc608c8e8a3f"}
,"/Users/anabhi/practice/React/chat-app-react/src/services/messages.js": {"path":"/Users/anabhi/practice/React/chat-app-react/src/services/messages.js","statementMap":{"0":{"start":{"line":1,"column":26},"end":{"line":17,"column":1}},"1":{"start":{"line":2,"column":2},"end":{"line":16,"column":3}},"2":{"start":{"line":3,"column":19},"end":{"line":10,"column":6}},"3":{"start":{"line":11,"column":4},"end":{"line":11,"column":43}},"4":{"start":{"line":11,"column":21},"end":{"line":11,"column":43}},"5":{"start":{"line":12,"column":25},"end":{"line":12,"column":67}},"6":{"start":{"line":13,"column":4},"end":{"line":13,"column":33}},"7":{"start":{"line":15,"column":4},"end":{"line":15,"column":16}}},"fnMap":{"0":{"name":"(anonymous_0)","decl":{"start":{"line":1,"column":26},"end":{"line":1,"column":27}},"loc":{"start":{"line":1,"column":53},"end":{"line":17,"column":1}},"line":1}},"branchMap":{"0":{"loc":{"start":{"line":11,"column":4},"end":{"line":11,"column":43}},"type":"if","locations":[{"start":{"line":11,"column":4},"end":{"line":11,"column":43}},{"start":{},"end":{}}],"line":11}},"s":{"0":4,"1":2,"2":2,"3":2,"4":1,"5":1,"6":1,"7":1},"f":{"0":2},"b":{"0":[1,1]},"_coverageSchema":"1a1c01bbd47fc00a2c39e90264f33305004495a9","hash":"55f8dc7d0b1b8291401b62eee3dc1644110ddaaa"}
,"/Users/anabhi/practice/React/chat-app-react/src/utils/customFetch.js": {"path":"/Users/anabhi/practice/React/chat-app-react/src/utils/customFetch.js","statementMap":{"0":{"start":{"line":1,"column":27},"end":{"line":13,"column":1}},"1":{"start":{"line":2,"column":35},"end":{"line":2,"column":41}},"2":{"start":{"line":4,"column":27},"end":{"line":4,"column":31}},"3":{"start":{"line":5,"column":19},"end":{"line":5,"column":56}},"4":{"start":{"line":6,"column":2},"end":{"line":6,"column":23}},"5":{"start":{"line":7,"column":2},"end":{"line":10,"column":3}},"6":{"start":{"line":8,"column":4},"end":{"line":8,"column":30}},"7":{"start":{"line":9,"column":4},"end":{"line":9,"column":35}},"8":{"start":{"line":12,"column":2},"end":{"line":12,"column":17}}},"fnMap":{"0":{"name":"(anonymous_0)","decl":{"start":{"line":1,"column":27},"end":{"line":1,"column":28}},"loc":{"start":{"line":1,"column":46},"end":{"line":13,"column":1}},"line":1}},"branchMap":{"0":{"loc":{"start":{"line":7,"column":2},"end":{"line":10,"column":3}},"type":"if","locations":[{"start":{"line":7,"column":2},"end":{"line":10,"column":3}},{"start":{},"end":{}}],"line":7}},"s":{"0":4,"1":5,"2":5,"3":5,"4":5,"5":5,"6":1,"7":1,"8":4},"f":{"0":5},"b":{"0":[1,4]},"_coverageSchema":"1a1c01bbd47fc00a2c39e90264f33305004495a9","hash":"f2ef83509fcaf4936a4c3385d4b755eb736d7d9d"}
,"/Users/anabhi/practice/React/chat-app-react/src/utils/errorManager.js": {"path":"/Users/anabhi/practice/React/chat-app-react/src/utils/errorManager.js","statementMap":{"0":{"start":{"line":1,"column":25},"end":{"line":3,"column":1}},"1":{"start":{"line":2,"column":2},"end":{"line":2,"column":20}}},"fnMap":{"0":{"name":"(anonymous_0)","decl":{"start":{"line":1,"column":25},"end":{"line":1,"column":26}},"loc":{"start":{"line":1,"column":36},"end":{"line":3,"column":1}},"line":1}},"branchMap":{},"s":{"0":6,"1":3},"f":{"0":3},"b":{},"_coverageSchema":"1a1c01bbd47fc00a2c39e90264f33305004495a9","hash":"d3fda3603499612d1f122b4e431e00083b115bcd"}
}
