{"/Users/anabhi/practice/React/chat-app-react/src/App.jsx": {"path":"/Users/anabhi/practice/React/chat-app-react/src/App.jsx","statementMap":{"0":{"start":{"line":12,"column":2},"end":{"line":33,"column":3}}},"fnMap":{"0":{"name":"App","decl":{"start":{"line":10,"column":9},"end":{"line":10,"column":12}},"loc":{"start":{"line":10,"column":15},"end":{"line":34,"column":1}},"line":10}},"branchMap":{},"s":{"0":0},"f":{"0":0},"b":{},"_coverageSchema":"1a1c01bbd47fc00a2c39e90264f33305004495a9","hash":"b676d512c0fdca659ad7bad53b47f53ddce49051"}
,"/Users/anabhi/practice/React/chat-app-react/src/components/Chat/Chat.jsx": {"path":"/Users/anabhi/practice/React/chat-app-react/src/components/Chat/Chat.jsx","statementMap":{"0":{"start":{"line":8,"column":0},"end":{"line":13,"column":1}},"1":{"start":{"line":17,"column":42},"end":{"line":17,"column":54}},"2":{"start":{"line":18,"column":32},"end":{"line":18,"column":44}},"3":{"start":{"line":19,"column":17},"end":{"line":19,"column":42}},"4":{"start":{"line":20,"column":15},"end":{"line":20,"column":38}},"5":{"start":{"line":21,"column":23},"end":{"line":21,"column":63}},"6":{"start":{"line":23,"column":2},"end":{"line":33,"column":14}},"7":{"start":{"line":24,"column":4},"end":{"line":28,"column":6}},"8":{"start":{"line":25,"column":6},"end":{"line":25,"column":41}},"9":{"start":{"line":26,"column":6},"end":{"line":26,"column":22}},"10":{"start":{"line":27,"column":6},"end":{"line":27,"column":69}},"11":{"start":{"line":27,"column":42},"end":{"line":27,"column":68}},"12":{"start":{"line":30,"column":4},"end":{"line":32,"column":5}},"13":{"start":{"line":31,"column":6},"end":{"line":31,"column":32}},"14":{"start":{"line":35,"column":2},"end":{"line":37,"column":34}},"15":{"start":{"line":36,"column":4},"end":{"line":36,"column":72}},"16":{"start":{"line":36,"column":22},"end":{"line":36,"column":72}},"17":{"start":{"line":39,"column":2},"end":{"line":43,"column":12}},"18":{"start":{"line":40,"column":4},"end":{"line":40,"column":31}},"19":{"start":{"line":41,"column":28},"end":{"line":41,"column":48}},"20":{"start":{"line":42,"column":4},"end":{"line":42,"column":41}},"21":{"start":{"line":45,"column":27},"end":{"line":47,"column":3}},"22":{"start":{"line":46,"column":4},"end":{"line":46,"column":27}},"23":{"start":{"line":49,"column":22},"end":{"line":59,"column":3}},"24":{"start":{"line":50,"column":4},"end":{"line":50,"column":26}},"25":{"start":{"line":51,"column":4},"end":{"line":58,"column":8}},"26":{"start":{"line":53,"column":8},"end":{"line":53,"column":24}},"27":{"start":{"line":54,"column":8},"end":{"line":54,"column":22}},"28":{"start":{"line":57,"column":8},"end":{"line":57,"column":26}},"29":{"start":{"line":61,"column":22},"end":{"line":67,"column":3}},"30":{"start":{"line":62,"column":15},"end":{"line":62,"column":32}},"31":{"start":{"line":63,"column":19},"end":{"line":63,"column":44}},"32":{"start":{"line":64,"column":4},"end":{"line":64,"column":54}},"33":{"start":{"line":65,"column":15},"end":{"line":65,"column":47}},"34":{"start":{"line":66,"column":4},"end":{"line":66,"column":47}},"35":{"start":{"line":69,"column":2},"end":{"line":99,"column":3}},"36":{"start":{"line":83,"column":12},"end":{"line":87,"column":17}},"37":{"start":{"line":93,"column":100},"end":{"line":93,"column":126}}},"fnMap":{"0":{"name":"Chat","decl":{"start":{"line":15,"column":24},"end":{"line":15,"column":28}},"loc":{"start":{"line":15,"column":73},"end":{"line":100,"column":1}},"line":15},"1":{"name":"(anonymous_1)","decl":{"start":{"line":23,"column":12},"end":{"line":23,"column":13}},"loc":{"start":{"line":23,"column":18},"end":{"line":33,"column":3}},"line":23},"2":{"name":"(anonymous_2)","decl":{"start":{"line":24,"column":30},"end":{"line":24,"column":31}},"loc":{"start":{"line":24,"column":37},"end":{"line":28,"column":5}},"line":24},"3":{"name":"(anonymous_3)","decl":{"start":{"line":27,"column":22},"end":{"line":27,"column":23}},"loc":{"start":{"line":27,"column":42},"end":{"line":27,"column":68}},"line":27},"4":{"name":"(anonymous_4)","decl":{"start":{"line":30,"column":11},"end":{"line":30,"column":12}},"loc":{"start":{"line":30,"column":17},"end":{"line":32,"column":5}},"line":30},"5":{"name":"(anonymous_5)","decl":{"start":{"line":35,"column":12},"end":{"line":35,"column":13}},"loc":{"start":{"line":35,"column":18},"end":{"line":37,"column":3}},"line":35},"6":{"name":"(anonymous_6)","decl":{"start":{"line":39,"column":12},"end":{"line":39,"column":13}},"loc":{"start":{"line":39,"column":18},"end":{"line":43,"column":3}},"line":39},"7":{"name":"(anonymous_7)","decl":{"start":{"line":45,"column":27},"end":{"line":45,"column":28}},"loc":{"start":{"line":45,"column":33},"end":{"line":47,"column":3}},"line":45},"8":{"name":"(anonymous_8)","decl":{"start":{"line":49,"column":22},"end":{"line":49,"column":23}},"loc":{"start":{"line":49,"column":33},"end":{"line":59,"column":3}},"line":49},"9":{"name":"(anonymous_9)","decl":{"start":{"line":52,"column":12},"end":{"line":52,"column":13}},"loc":{"start":{"line":52,"column":19},"end":{"line":55,"column":7}},"line":52},"10":{"name":"(anonymous_10)","decl":{"start":{"line":56,"column":13},"end":{"line":56,"column":14}},"loc":{"start":{"line":56,"column":22},"end":{"line":58,"column":7}},"line":56},"11":{"name":"(anonymous_11)","decl":{"start":{"line":61,"column":22},"end":{"line":61,"column":23}},"loc":{"start":{"line":61,"column":35},"end":{"line":67,"column":3}},"line":61},"12":{"name":"(anonymous_12)","decl":{"start":{"line":82,"column":28},"end":{"line":82,"column":29}},"loc":{"start":{"line":83,"column":12},"end":{"line":87,"column":17}},"line":83},"13":{"name":"(anonymous_13)","decl":{"start":{"line":93,"column":93},"end":{"line":93,"column":94}},"loc":{"start":{"line":93,"column":100},"end":{"line":93,"column":126}},"line":93}},"branchMap":{"0":{"loc":{"start":{"line":36,"column":4},"end":{"line":36,"column":72}},"type":"if","locations":[{"start":{"line":36,"column":4},"end":{"line":36,"column":72}},{"start":{},"end":{}}],"line":36},"1":{"loc":{"start":{"line":41,"column":28},"end":{"line":41,"column":48}},"type":"binary-expr","locations":[{"start":{"line":41,"column":28},"end":{"line":41,"column":42}},{"start":{"line":41,"column":46},"end":{"line":41,"column":48}}],"line":41},"2":{"loc":{"start":{"line":70,"column":39},"end":{"line":70,"column":66}},"type":"cond-expr","locations":[{"start":{"line":70,"column":47},"end":{"line":70,"column":55}},{"start":{"line":70,"column":56},"end":{"line":70,"column":66}}],"line":70},"3":{"loc":{"start":{"line":83,"column":37},"end":{"line":83,"column":82}},"type":"cond-expr","locations":[{"start":{"line":83,"column":66},"end":{"line":83,"column":72}},{"start":{"line":83,"column":73},"end":{"line":83,"column":82}}],"line":83}},"s":{"0":1,"1":0,"2":0,"3":0,"4":0,"5":0,"6":0,"7":0,"8":0,"9":0,"10":0,"11":0,"12":0,"13":0,"14":0,"15":0,"16":0,"17":0,"18":0,"19":0,"20":0,"21":0,"22":0,"23":0,"24":0,"25":0,"26":0,"27":0,"28":0,"29":0,"30":0,"31":0,"32":0,"33":0,"34":0,"35":0,"36":0,"37":0},"f":{"0":0,"1":0,"2":0,"3":0,"4":0,"5":0,"6":0,"7":0,"8":0,"9":0,"10":0,"11":0,"12":0,"13":0},"b":{"0":[0,0],"1":[0,0],"2":[0,0],"3":[0,0]},"_coverageSchema":"1a1c01bbd47fc00a2c39e90264f33305004495a9","hash":"ba8f2c3f61974e30355bb998ded0426c456920fb"}
,"/Users/anabhi/practice/React/chat-app-react/src/components/Contacts/Contacts.jsx": {"path":"/Users/anabhi/practice/React/chat-app-react/src/components/Contacts/Contacts.jsx","statementMap":{"0":{"start":{"line":8,"column":0},"end":{"line":11,"column":1}},"1":{"start":{"line":14,"column":28},"end":{"line":14,"column":40}},"2":{"start":{"line":15,"column":22},"end":{"line":15,"column":45}},"3":{"start":{"line":17,"column":2},"end":{"line":23,"column":19}},"4":{"start":{"line":18,"column":4},"end":{"line":22,"column":6}},"5":{"start":{"line":20,"column":23},"end":{"line":20,"column":75}},"6":{"start":{"line":20,"column":42},"end":{"line":20,"column":74}},"7":{"start":{"line":21,"column":6},"end":{"line":21,"column":24}},"8":{"start":{"line":25,"column":18},"end":{"line":32,"column":3}},"9":{"start":{"line":26,"column":4},"end":{"line":26,"column":21}},"10":{"start":{"line":27,"column":4},"end":{"line":31,"column":8}},"11":{"start":{"line":29,"column":8},"end":{"line":29,"column":31}},"12":{"start":{"line":30,"column":8},"end":{"line":30,"column":34}},"13":{"start":{"line":34,"column":2},"end":{"line":42,"column":3}},"14":{"start":{"line":38,"column":10},"end":{"line":38,"column":91}},"15":{"start":{"line":38,"column":39},"end":{"line":38,"column":52}}},"fnMap":{"0":{"name":"Contacts","decl":{"start":{"line":13,"column":24},"end":{"line":13,"column":32}},"loc":{"start":{"line":13,"column":70},"end":{"line":43,"column":1}},"line":13},"1":{"name":"(anonymous_1)","decl":{"start":{"line":17,"column":12},"end":{"line":17,"column":13}},"loc":{"start":{"line":17,"column":18},"end":{"line":23,"column":3}},"line":17},"2":{"name":"(anonymous_2)","decl":{"start":{"line":19,"column":10},"end":{"line":19,"column":11}},"loc":{"start":{"line":19,"column":17},"end":{"line":22,"column":5}},"line":19},"3":{"name":"(anonymous_3)","decl":{"start":{"line":20,"column":34},"end":{"line":20,"column":35}},"loc":{"start":{"line":20,"column":42},"end":{"line":20,"column":74}},"line":20},"4":{"name":"(anonymous_4)","decl":{"start":{"line":25,"column":18},"end":{"line":25,"column":19}},"loc":{"start":{"line":25,"column":28},"end":{"line":32,"column":3}},"line":25},"5":{"name":"(anonymous_5)","decl":{"start":{"line":28,"column":12},"end":{"line":28,"column":13}},"loc":{"start":{"line":28,"column":19},"end":{"line":31,"column":7}},"line":28},"6":{"name":"(anonymous_6)","decl":{"start":{"line":37,"column":19},"end":{"line":37,"column":20}},"loc":{"start":{"line":38,"column":10},"end":{"line":38,"column":91}},"line":38},"7":{"name":"(anonymous_7)","decl":{"start":{"line":38,"column":33},"end":{"line":38,"column":34}},"loc":{"start":{"line":38,"column":39},"end":{"line":38,"column":52}},"line":38}},"branchMap":{},"s":{"0":1,"1":0,"2":0,"3":0,"4":0,"5":0,"6":0,"7":0,"8":0,"9":0,"10":0,"11":0,"12":0,"13":0,"14":0,"15":0},"f":{"0":0,"1":0,"2":0,"3":0,"4":0,"5":0,"6":0,"7":0},"b":{},"_coverageSchema":"1a1c01bbd47fc00a2c39e90264f33305004495a9","hash":"d6948bfc24ed2c10e883eb70bf9d88211134301a"}
,"/Users/anabhi/practice/React/chat-app-react/src/components/Rooms/Rooms.jsx": {"path":"/Users/anabhi/practice/React/chat-app-react/src/components/Rooms/Rooms.jsx","statementMap":{"0":{"start":{"line":6,"column":0},"end":{"line":9,"column":1}},"1":{"start":{"line":12,"column":28},"end":{"line":12,"column":40}},"2":{"start":{"line":14,"column":2},"end":{"line":23,"column":8}},"3":{"start":{"line":15,"column":4},"end":{"line":22,"column":8}},"4":{"start":{"line":17,"column":8},"end":{"line":17,"column":24}},"5":{"start":{"line":18,"column":8},"end":{"line":18,"column":21}},"6":{"start":{"line":21,"column":8},"end":{"line":21,"column":26}},"7":{"start":{"line":25,"column":18},"end":{"line":31,"column":3}},"8":{"start":{"line":26,"column":4},"end":{"line":30,"column":8}},"9":{"start":{"line":28,"column":8},"end":{"line":28,"column":32}},"10":{"start":{"line":29,"column":8},"end":{"line":29,"column":31}},"11":{"start":{"line":33,"column":2},"end":{"line":44,"column":3}},"12":{"start":{"line":37,"column":10},"end":{"line":40,"column":45}},"13":{"start":{"line":39,"column":27},"end":{"line":39,"column":40}}},"fnMap":{"0":{"name":"Rooms","decl":{"start":{"line":11,"column":24},"end":{"line":11,"column":29}},"loc":{"start":{"line":11,"column":68},"end":{"line":45,"column":1}},"line":11},"1":{"name":"(anonymous_1)","decl":{"start":{"line":14,"column":12},"end":{"line":14,"column":13}},"loc":{"start":{"line":14,"column":18},"end":{"line":23,"column":3}},"line":14},"2":{"name":"(anonymous_2)","decl":{"start":{"line":16,"column":12},"end":{"line":16,"column":13}},"loc":{"start":{"line":16,"column":19},"end":{"line":19,"column":7}},"line":16},"3":{"name":"(anonymous_3)","decl":{"start":{"line":20,"column":13},"end":{"line":20,"column":14}},"loc":{"start":{"line":20,"column":22},"end":{"line":22,"column":7}},"line":20},"4":{"name":"(anonymous_4)","decl":{"start":{"line":25,"column":18},"end":{"line":25,"column":19}},"loc":{"start":{"line":25,"column":28},"end":{"line":31,"column":3}},"line":25},"5":{"name":"(anonymous_5)","decl":{"start":{"line":27,"column":12},"end":{"line":27,"column":13}},"loc":{"start":{"line":27,"column":19},"end":{"line":30,"column":7}},"line":27},"6":{"name":"(anonymous_6)","decl":{"start":{"line":36,"column":19},"end":{"line":36,"column":20}},"loc":{"start":{"line":37,"column":10},"end":{"line":40,"column":45}},"line":37},"7":{"name":"(anonymous_7)","decl":{"start":{"line":39,"column":21},"end":{"line":39,"column":22}},"loc":{"start":{"line":39,"column":27},"end":{"line":39,"column":40}},"line":39}},"branchMap":{},"s":{"0":1,"1":0,"2":0,"3":0,"4":0,"5":0,"6":0,"7":0,"8":0,"9":0,"10":0,"11":0,"12":0,"13":0},"f":{"0":0,"1":0,"2":0,"3":0,"4":0,"5":0,"6":0,"7":0},"b":{},"_coverageSchema":"1a1c01bbd47fc00a2c39e90264f33305004495a9","hash":"a2a77df8a2ea5e2e7b4548b487b8b63019bdb59a"}
,"/Users/anabhi/practice/React/chat-app-react/src/context/socketContext.jsx": {"path":"/Users/anabhi/practice/React/chat-app-react/src/context/socketContext.jsx","statementMap":{"0":{"start":{"line":5,"column":22},"end":{"line":5,"column":37}},"1":{"start":{"line":7,"column":23},"end":{"line":16,"column":1}},"2":{"start":{"line":8,"column":14},"end":{"line":8,"column":103}},"3":{"start":{"line":10,"column":17},"end":{"line":10,"column":24}},"4":{"start":{"line":11,"column":2},"end":{"line":15,"column":3}},"5":{"start":{"line":18,"column":0},"end":{"line":20,"column":1}}},"fnMap":{"0":{"name":"(anonymous_0)","decl":{"start":{"line":7,"column":23},"end":{"line":7,"column":24}},"loc":{"start":{"line":7,"column":41},"end":{"line":16,"column":1}},"line":7}},"branchMap":{"0":{"loc":{"start":{"line":8,"column":14},"end":{"line":8,"column":103}},"type":"cond-expr","locations":[{"start":{"line":8,"column":63},"end":{"line":8,"column":72}},{"start":{"line":8,"column":75},"end":{"line":8,"column":103}}],"line":8}},"s":{"0":1,"1":1,"2":0,"3":0,"4":0,"5":1},"f":{"0":0},"b":{"0":[0,0]},"_coverageSchema":"1a1c01bbd47fc00a2c39e90264f33305004495a9","hash":"f4ec1713d23938ccf92e575f5cebd97077567669"}
,"/Users/anabhi/practice/React/chat-app-react/src/context/userContext.jsx": {"path":"/Users/anabhi/practice/React/chat-app-react/src/context/userContext.jsx","statementMap":{"0":{"start":{"line":4,"column":20},"end":{"line":4,"column":35}},"1":{"start":{"line":6,"column":21},"end":{"line":17,"column":1}},"2":{"start":{"line":7,"column":26},"end":{"line":7,"column":45}},"3":{"start":{"line":9,"column":2},"end":{"line":11,"column":12}},"4":{"start":{"line":10,"column":4},"end":{"line":10,"column":28}},"5":{"start":{"line":12,"column":2},"end":{"line":16,"column":3}},"6":{"start":{"line":19,"column":0},"end":{"line":21,"column":1}}},"fnMap":{"0":{"name":"(anonymous_0)","decl":{"start":{"line":6,"column":21},"end":{"line":6,"column":22}},"loc":{"start":{"line":6,"column":39},"end":{"line":17,"column":1}},"line":6},"1":{"name":"(anonymous_1)","decl":{"start":{"line":9,"column":12},"end":{"line":9,"column":13}},"loc":{"start":{"line":9,"column":18},"end":{"line":11,"column":3}},"line":9}},"branchMap":{},"s":{"0":1,"1":1,"2":0,"3":0,"4":0,"5":0,"6":1},"f":{"0":0,"1":0},"b":{},"_coverageSchema":"1a1c01bbd47fc00a2c39e90264f33305004495a9","hash":"4e1fc56fd8feb40295525a16ef0bb828e6592d8e"}
,"/Users/anabhi/practice/React/chat-app-react/src/pages/Home/Home.jsx": {"path":"/Users/anabhi/practice/React/chat-app-react/src/pages/Home/Home.jsx","statementMap":{"0":{"start":{"line":11,"column":42},"end":{"line":11,"column":61}},"1":{"start":{"line":12,"column":34},"end":{"line":12,"column":46}},"2":{"start":{"line":13,"column":38},"end":{"line":13,"column":53}},"3":{"start":{"line":14,"column":17},"end":{"line":14,"column":42}},"4":{"start":{"line":15,"column":15},"end":{"line":15,"column":38}},"5":{"start":{"line":17,"column":2},"end":{"line":21,"column":8}},"6":{"start":{"line":18,"column":21},"end":{"line":18,"column":60}},"7":{"start":{"line":19,"column":4},"end":{"line":19,"column":25}},"8":{"start":{"line":20,"column":4},"end":{"line":20,"column":38}},"9":{"start":{"line":23,"column":29},"end":{"line":28,"column":3}},"10":{"start":{"line":24,"column":4},"end":{"line":24,"column":48}},"11":{"start":{"line":25,"column":4},"end":{"line":25,"column":38}},"12":{"start":{"line":26,"column":4},"end":{"line":26,"column":25}},"13":{"start":{"line":27,"column":4},"end":{"line":27,"column":23}},"14":{"start":{"line":30,"column":25},"end":{"line":32,"column":3}},"15":{"start":{"line":31,"column":4},"end":{"line":31,"column":21}},"16":{"start":{"line":34,"column":27},"end":{"line":36,"column":3}},"17":{"start":{"line":35,"column":4},"end":{"line":35,"column":29}},"18":{"start":{"line":38,"column":2},"end":{"line":50,"column":3}}},"fnMap":{"0":{"name":"Home","decl":{"start":{"line":9,"column":24},"end":{"line":9,"column":28}},"loc":{"start":{"line":9,"column":31},"end":{"line":51,"column":1}},"line":9},"1":{"name":"(anonymous_1)","decl":{"start":{"line":17,"column":12},"end":{"line":17,"column":13}},"loc":{"start":{"line":17,"column":18},"end":{"line":21,"column":3}},"line":17},"2":{"name":"(anonymous_2)","decl":{"start":{"line":23,"column":29},"end":{"line":23,"column":30}},"loc":{"start":{"line":23,"column":39},"end":{"line":28,"column":3}},"line":23},"3":{"name":"(anonymous_3)","decl":{"start":{"line":30,"column":25},"end":{"line":30,"column":26}},"loc":{"start":{"line":30,"column":35},"end":{"line":32,"column":3}},"line":30},"4":{"name":"(anonymous_4)","decl":{"start":{"line":34,"column":27},"end":{"line":34,"column":28}},"loc":{"start":{"line":34,"column":43},"end":{"line":36,"column":3}},"line":34}},"branchMap":{"0":{"loc":{"start":{"line":42,"column":44},"end":{"line":42,"column":75}},"type":"cond-expr","locations":[{"start":{"line":42,"column":56},"end":{"line":42,"column":66}},{"start":{"line":42,"column":67},"end":{"line":42,"column":75}}],"line":42},"1":{"loc":{"start":{"line":46,"column":10},"end":{"line":46,"column":130}},"type":"binary-expr","locations":[{"start":{"line":46,"column":10},"end":{"line":46,"column":22}},{"start":{"line":46,"column":26},"end":{"line":46,"column":130}}],"line":46}},"s":{"0":0,"1":0,"2":0,"3":0,"4":0,"5":0,"6":0,"7":0,"8":0,"9":0,"10":0,"11":0,"12":0,"13":0,"14":0,"15":0,"16":0,"17":0,"18":0},"f":{"0":0,"1":0,"2":0,"3":0,"4":0},"b":{"0":[0,0],"1":[0,0]},"_coverageSchema":"1a1c01bbd47fc00a2c39e90264f33305004495a9","hash":"a30b05a799d3c3789240117aa77d5c65bde4888e"}
,"/Users/anabhi/practice/React/chat-app-react/src/pages/Login/Login.jsx": {"path":"/Users/anabhi/practice/React/chat-app-react/src/pages/Login/Login.jsx","statementMap":{"0":{"start":{"line":8,"column":19},"end":{"line":8,"column":32}},"1":{"start":{"line":9,"column":28},"end":{"line":9,"column":40}},"2":{"start":{"line":10,"column":34},"end":{"line":10,"column":46}},"3":{"start":{"line":11,"column":15},"end":{"line":11,"column":38}},"4":{"start":{"line":13,"column":22},"end":{"line":25,"column":3}},"5":{"start":{"line":14,"column":4},"end":{"line":14,"column":26}},"6":{"start":{"line":15,"column":4},"end":{"line":24,"column":6}},"7":{"start":{"line":17,"column":6},"end":{"line":17,"column":22}},"8":{"start":{"line":18,"column":6},"end":{"line":18,"column":23}},"9":{"start":{"line":19,"column":6},"end":{"line":19,"column":66}},"10":{"start":{"line":20,"column":6},"end":{"line":20,"column":23}},"11":{"start":{"line":23,"column":6},"end":{"line":23,"column":24}},"12":{"start":{"line":27,"column":21},"end":{"line":29,"column":3}},"13":{"start":{"line":28,"column":4},"end":{"line":28,"column":23}},"14":{"start":{"line":31,"column":2},"end":{"line":50,"column":3}},"15":{"start":{"line":37,"column":72},"end":{"line":37,"column":96}},"16":{"start":{"line":41,"column":82},"end":{"line":41,"column":109}}},"fnMap":{"0":{"name":"Login","decl":{"start":{"line":7,"column":24},"end":{"line":7,"column":29}},"loc":{"start":{"line":7,"column":32},"end":{"line":51,"column":1}},"line":7},"1":{"name":"(anonymous_1)","decl":{"start":{"line":13,"column":22},"end":{"line":13,"column":23}},"loc":{"start":{"line":13,"column":33},"end":{"line":25,"column":3}},"line":13},"2":{"name":"(anonymous_2)","decl":{"start":{"line":16,"column":10},"end":{"line":16,"column":11}},"loc":{"start":{"line":16,"column":17},"end":{"line":21,"column":5}},"line":16},"3":{"name":"(anonymous_3)","decl":{"start":{"line":22,"column":11},"end":{"line":22,"column":12}},"loc":{"start":{"line":22,"column":20},"end":{"line":24,"column":5}},"line":22},"4":{"name":"(anonymous_4)","decl":{"start":{"line":27,"column":21},"end":{"line":27,"column":22}},"loc":{"start":{"line":27,"column":27},"end":{"line":29,"column":3}},"line":27},"5":{"name":"(anonymous_5)","decl":{"start":{"line":37,"column":65},"end":{"line":37,"column":66}},"loc":{"start":{"line":37,"column":72},"end":{"line":37,"column":96}},"line":37},"6":{"name":"(anonymous_6)","decl":{"start":{"line":41,"column":75},"end":{"line":41,"column":76}},"loc":{"start":{"line":41,"column":82},"end":{"line":41,"column":109}},"line":41}},"branchMap":{},"s":{"0":0,"1":0,"2":0,"3":0,"4":0,"5":0,"6":0,"7":0,"8":0,"9":0,"10":0,"11":0,"12":0,"13":0,"14":0,"15":0,"16":0},"f":{"0":0,"1":0,"2":0,"3":0,"4":0,"5":0,"6":0},"b":{},"_coverageSchema":"1a1c01bbd47fc00a2c39e90264f33305004495a9","hash":"9ebb7a9ab07e57204d13cf5191acbf7e180f9f1a"}
,"/Users/anabhi/practice/React/chat-app-react/src/pages/Signup/Signup.jsx": {"path":"/Users/anabhi/practice/React/chat-app-react/src/pages/Signup/Signup.jsx","statementMap":{"0":{"start":{"line":9,"column":19},"end":{"line":9,"column":32}},"1":{"start":{"line":10,"column":74},"end":{"line":10,"column":83}},"2":{"start":{"line":11,"column":15},"end":{"line":11,"column":38}},"3":{"start":{"line":13,"column":22},"end":{"line":29,"column":3}},"4":{"start":{"line":27,"column":8},"end":{"line":27,"column":61}},"5":{"start":{"line":31,"column":23},"end":{"line":44,"column":4}},"6":{"start":{"line":32,"column":4},"end":{"line":43,"column":5}},"7":{"start":{"line":33,"column":6},"end":{"line":42,"column":10}},"8":{"start":{"line":35,"column":10},"end":{"line":35,"column":26}},"9":{"start":{"line":36,"column":10},"end":{"line":36,"column":27}},"10":{"start":{"line":37,"column":10},"end":{"line":37,"column":70}},"11":{"start":{"line":38,"column":10},"end":{"line":38,"column":27}},"12":{"start":{"line":41,"column":10},"end":{"line":41,"column":28}},"13":{"start":{"line":46,"column":20},"end":{"line":48,"column":3}},"14":{"start":{"line":47,"column":4},"end":{"line":47,"column":22}},"15":{"start":{"line":50,"column":2},"end":{"line":88,"column":3}}},"fnMap":{"0":{"name":"Signup","decl":{"start":{"line":8,"column":24},"end":{"line":8,"column":30}},"loc":{"start":{"line":8,"column":33},"end":{"line":89,"column":1}},"line":8},"1":{"name":"(anonymous_1)","decl":{"start":{"line":26,"column":16},"end":{"line":26,"column":17}},"loc":{"start":{"line":27,"column":8},"end":{"line":27,"column":61}},"line":27},"2":{"name":"(anonymous_2)","decl":{"start":{"line":31,"column":36},"end":{"line":31,"column":37}},"loc":{"start":{"line":31,"column":46},"end":{"line":44,"column":3}},"line":31},"3":{"name":"(anonymous_3)","decl":{"start":{"line":34,"column":14},"end":{"line":34,"column":15}},"loc":{"start":{"line":34,"column":21},"end":{"line":39,"column":9}},"line":34},"4":{"name":"(anonymous_4)","decl":{"start":{"line":40,"column":15},"end":{"line":40,"column":16}},"loc":{"start":{"line":40,"column":24},"end":{"line":42,"column":9}},"line":40},"5":{"name":"(anonymous_5)","decl":{"start":{"line":46,"column":20},"end":{"line":46,"column":21}},"loc":{"start":{"line":46,"column":26},"end":{"line":48,"column":3}},"line":46}},"branchMap":{"0":{"loc":{"start":{"line":27,"column":8},"end":{"line":27,"column":61}},"type":"binary-expr","locations":[{"start":{"line":27,"column":8},"end":{"line":27,"column":35}},{"start":{"line":27,"column":39},"end":{"line":27,"column":61}}],"line":27},"1":{"loc":{"start":{"line":32,"column":4},"end":{"line":43,"column":5}},"type":"if","locations":[{"start":{"line":32,"column":4},"end":{"line":43,"column":5}},{"start":{},"end":{}}],"line":32},"2":{"loc":{"start":{"line":56,"column":43},"end":{"line":56,"column":73}},"type":"cond-expr","locations":[{"start":{"line":56,"column":57},"end":{"line":56,"column":70}},{"start":{"line":56,"column":71},"end":{"line":56,"column":73}}],"line":56},"3":{"loc":{"start":{"line":59,"column":14},"end":{"line":59,"column":91}},"type":"binary-expr","locations":[{"start":{"line":59,"column":14},"end":{"line":59,"column":26}},{"start":{"line":59,"column":30},"end":{"line":59,"column":91}}],"line":59},"4":{"loc":{"start":{"line":64,"column":46},"end":{"line":64,"column":78}},"type":"binary-expr","locations":[{"start":{"line":64,"column":46},"end":{"line":64,"column":61}},{"start":{"line":64,"column":65},"end":{"line":64,"column":78}}],"line":64},"5":{"loc":{"start":{"line":67,"column":14},"end":{"line":67,"column":97}},"type":"binary-expr","locations":[{"start":{"line":67,"column":14},"end":{"line":67,"column":29}},{"start":{"line":67,"column":33},"end":{"line":67,"column":97}}],"line":67},"6":{"loc":{"start":{"line":72,"column":46},"end":{"line":72,"column":85}},"type":"binary-expr","locations":[{"start":{"line":72,"column":46},"end":{"line":72,"column":68}},{"start":{"line":72,"column":72},"end":{"line":72,"column":85}}],"line":72},"7":{"loc":{"start":{"line":75,"column":14},"end":{"line":75,"column":111}},"type":"binary-expr","locations":[{"start":{"line":75,"column":14},"end":{"line":75,"column":36}},{"start":{"line":75,"column":40},"end":{"line":75,"column":111}}],"line":75}},"s":{"0":0,"1":0,"2":0,"3":0,"4":0,"5":0,"6":0,"7":0,"8":0,"9":0,"10":0,"11":0,"12":0,"13":0,"14":0,"15":0},"f":{"0":0,"1":0,"2":0,"3":0,"4":0,"5":0},"b":{"0":[0,0],"1":[0,0],"2":[0,0],"3":[0,0],"4":[0,0],"5":[0,0],"6":[0,0],"7":[0,0]},"_coverageSchema":"1a1c01bbd47fc00a2c39e90264f33305004495a9","hash":"bec9a2aabe048e899b88f061014af99795632c6f"}
,"/Users/anabhi/practice/React/chat-app-react/src/services/auth.js": {"path":"/Users/anabhi/practice/React/chat-app-react/src/services/auth.js","statementMap":{"0":{"start":{"line":1,"column":21},"end":{"line":15,"column":1}},"1":{"start":{"line":2,"column":2},"end":{"line":14,"column":3}},"2":{"start":{"line":3,"column":21},"end":{"line":10,"column":6}},"3":{"start":{"line":11,"column":4},"end":{"line":11,"column":26}},"4":{"start":{"line":13,"column":4},"end":{"line":13,"column":22}},"5":{"start":{"line":17,"column":22},"end":{"line":31,"column":1}},"6":{"start":{"line":18,"column":2},"end":{"line":30,"column":3}},"7":{"start":{"line":19,"column":21},"end":{"line":26,"column":6}},"8":{"start":{"line":27,"column":4},"end":{"line":27,"column":26}},"9":{"start":{"line":29,"column":4},"end":{"line":29,"column":22}}},"fnMap":{"0":{"name":"(anonymous_0)","decl":{"start":{"line":1,"column":21},"end":{"line":1,"column":22}},"loc":{"start":{"line":1,"column":50},"end":{"line":15,"column":1}},"line":1},"1":{"name":"(anonymous_1)","decl":{"start":{"line":17,"column":22},"end":{"line":17,"column":23}},"loc":{"start":{"line":17,"column":50},"end":{"line":31,"column":1}},"line":17}},"branchMap":{},"s":{"0":1,"1":0,"2":0,"3":0,"4":0,"5":1,"6":0,"7":0,"8":0,"9":0},"f":{"0":0,"1":0},"b":{},"_coverageSchema":"1a1c01bbd47fc00a2c39e90264f33305004495a9","hash":"5e8f689e23c56adf54bc251fc617f4b51f92fb80"}
,"/Users/anabhi/practice/React/chat-app-react/src/services/interceptor.js": {"path":"/Users/anabhi/practice/React/chat-app-react/src/services/interceptor.js","statementMap":{"0":{"start":{"line":1,"column":33},"end":{"line":1,"column":39}},"1":{"start":{"line":3,"column":0},"end":{"line":12,"column":1}},"2":{"start":{"line":4,"column":27},"end":{"line":4,"column":31}},"3":{"start":{"line":5,"column":19},"end":{"line":5,"column":56}},"4":{"start":{"line":6,"column":2},"end":{"line":9,"column":3}},"5":{"start":{"line":7,"column":4},"end":{"line":7,"column":30}},"6":{"start":{"line":8,"column":4},"end":{"line":8,"column":35}},"7":{"start":{"line":11,"column":2},"end":{"line":11,"column":17}}},"fnMap":{"0":{"name":"(anonymous_0)","decl":{"start":{"line":3,"column":15},"end":{"line":3,"column":16}},"loc":{"start":{"line":3,"column":34},"end":{"line":12,"column":1}},"line":3}},"branchMap":{"0":{"loc":{"start":{"line":6,"column":2},"end":{"line":9,"column":3}},"type":"if","locations":[{"start":{"line":6,"column":2},"end":{"line":9,"column":3}},{"start":{},"end":{}}],"line":6}},"s":{"0":1,"1":1,"2":0,"3":0,"4":0,"5":0,"6":0,"7":0},"f":{"0":0},"b":{"0":[0,0]},"_coverageSchema":"1a1c01bbd47fc00a2c39e90264f33305004495a9","hash":"4f1be456804335ec17916d2631edc6301a1466b6"}
,"/Users/anabhi/practice/React/chat-app-react/src/services/messages.js": {"path":"/Users/anabhi/practice/React/chat-app-react/src/services/messages.js","statementMap":{"0":{"start":{"line":1,"column":26},"end":{"line":15,"column":1}},"1":{"start":{"line":2,"column":2},"end":{"line":14,"column":3}},"2":{"start":{"line":3,"column":19},"end":{"line":10,"column":6}},"3":{"start":{"line":11,"column":4},"end":{"line":11,"column":26}},"4":{"start":{"line":13,"column":4},"end":{"line":13,"column":22}}},"fnMap":{"0":{"name":"(anonymous_0)","decl":{"start":{"line":1,"column":26},"end":{"line":1,"column":27}},"loc":{"start":{"line":1,"column":53},"end":{"line":15,"column":1}},"line":1}},"branchMap":{},"s":{"0":1,"1":0,"2":0,"3":0,"4":0},"f":{"0":0},"b":{},"_coverageSchema":"1a1c01bbd47fc00a2c39e90264f33305004495a9","hash":"f43498cd991f05356e803503c281971c168eace9"}
,"/Users/anabhi/practice/React/chat-app-react/src/services/rooms.js": {"path":"/Users/anabhi/practice/React/chat-app-react/src/services/rooms.js","statementMap":{"0":{"start":{"line":1,"column":31},"end":{"line":10,"column":1}},"1":{"start":{"line":2,"column":2},"end":{"line":9,"column":3}},"2":{"start":{"line":3,"column":21},"end":{"line":5,"column":6}},"3":{"start":{"line":6,"column":4},"end":{"line":6,"column":26}},"4":{"start":{"line":8,"column":4},"end":{"line":8,"column":22}},"5":{"start":{"line":12,"column":27},"end":{"line":21,"column":1}},"6":{"start":{"line":13,"column":2},"end":{"line":20,"column":3}},"7":{"start":{"line":14,"column":21},"end":{"line":16,"column":6}},"8":{"start":{"line":17,"column":4},"end":{"line":17,"column":26}},"9":{"start":{"line":19,"column":4},"end":{"line":19,"column":22}},"10":{"start":{"line":23,"column":31},"end":{"line":33,"column":1}},"11":{"start":{"line":24,"column":2},"end":{"line":32,"column":3}},"12":{"start":{"line":25,"column":21},"end":{"line":25,"column":36}},"13":{"start":{"line":26,"column":21},"end":{"line":28,"column":6}},"14":{"start":{"line":29,"column":4},"end":{"line":29,"column":26}},"15":{"start":{"line":31,"column":4},"end":{"line":31,"column":22}}},"fnMap":{"0":{"name":"(anonymous_0)","decl":{"start":{"line":1,"column":31},"end":{"line":1,"column":32}},"loc":{"start":{"line":1,"column":45},"end":{"line":10,"column":1}},"line":1},"1":{"name":"(anonymous_1)","decl":{"start":{"line":12,"column":27},"end":{"line":12,"column":28}},"loc":{"start":{"line":12,"column":41},"end":{"line":21,"column":1}},"line":12},"2":{"name":"(anonymous_2)","decl":{"start":{"line":23,"column":31},"end":{"line":23,"column":32}},"loc":{"start":{"line":23,"column":48},"end":{"line":33,"column":1}},"line":23}},"branchMap":{},"s":{"0":1,"1":0,"2":0,"3":0,"4":0,"5":1,"6":0,"7":0,"8":0,"9":0,"10":1,"11":0,"12":0,"13":0,"14":0,"15":0},"f":{"0":0,"1":0,"2":0},"b":{},"_coverageSchema":"1a1c01bbd47fc00a2c39e90264f33305004495a9","hash":"032b5546c42988688733abd4699a3a9d10b020fd"}
,"/Users/anabhi/practice/React/chat-app-react/src/services/users.js": {"path":"/Users/anabhi/practice/React/chat-app-react/src/services/users.js","statementMap":{"0":{"start":{"line":1,"column":28},"end":{"line":11,"column":1}},"1":{"start":{"line":2,"column":2},"end":{"line":10,"column":3}},"2":{"start":{"line":3,"column":21},"end":{"line":6,"column":6}},"3":{"start":{"line":7,"column":4},"end":{"line":7,"column":26}},"4":{"start":{"line":9,"column":4},"end":{"line":9,"column":22}}},"fnMap":{"0":{"name":"(anonymous_0)","decl":{"start":{"line":1,"column":28},"end":{"line":1,"column":29}},"loc":{"start":{"line":1,"column":40},"end":{"line":11,"column":1}},"line":1}},"branchMap":{},"s":{"0":1,"1":0,"2":0,"3":0,"4":0},"f":{"0":0},"b":{},"_coverageSchema":"1a1c01bbd47fc00a2c39e90264f33305004495a9","hash":"4724c9128269fdbc62102b02623d0a2f80e1d793"}
}
