TN:
SF:src/App.jsx
FN:7,App
FNF:1
FNH:1
FNDA:1,App
DA:9,1
DA:11,1
LF:2
LH:2
BRF:0
BRH:0
end_of_record
TN:
SF:src/routes.jsx
FNF:0
FNH:0
DA:5,4
LF:1
LH:1
BRF:0
BRH:0
end_of_record
TN:
SF:src/components/Chat/Chat.jsx
FN:16,Chat
FN:24,(anonymous_1)
FN:25,(anonymous_2)
FN:28,(anonymous_3)
FN:31,(anonymous_4)
FN:36,(anonymous_5)
FN:40,(anonymous_6)
FN:46,(anonymous_7)
FN:50,(anonymous_8)
FN:53,(anonymous_9)
FN:57,(anonymous_10)
FN:62,(anonymous_11)
FN:83,(anonymous_12)
FN:94,(anonymous_13)
FNF:14
FNH:14
FNDA:11,Chat
FNDA:4,(anonymous_1)
FNDA:4,(anonymous_2)
FNDA:4,(anonymous_3)
FNDA:4,(anonymous_4)
FNDA:8,(anonymous_5)
FNDA:4,(anonymous_6)
FNDA:1,(anonymous_7)
FNDA:2,(anonymous_8)
FNDA:1,(anonymous_9)
FNDA:1,(anonymous_10)
FNDA:7,(anonymous_11)
FNDA:7,(anonymous_12)
FNDA:2,(anonymous_13)
DA:9,4
DA:18,11
DA:19,11
DA:20,11
DA:21,11
DA:22,11
DA:24,11
DA:25,4
DA:26,4
DA:27,4
DA:28,4
DA:31,4
DA:32,4
DA:36,11
DA:37,8
DA:40,11
DA:41,4
DA:42,4
DA:43,4
DA:46,11
DA:47,1
DA:50,11
DA:51,2
DA:52,2
DA:54,1
DA:55,1
DA:58,1
DA:62,11
DA:63,7
DA:64,7
DA:65,7
DA:66,7
DA:67,7
DA:70,11
DA:84,7
DA:94,2
LF:36
LH:36
BRDA:37,0,0,4
BRDA:37,0,1,4
BRDA:42,1,0,4
BRDA:42,1,1,0
BRDA:71,2,0,9
BRDA:71,2,1,2
BRDA:84,3,0,0
BRDA:84,3,1,7
BRF:8
BRH:6
end_of_record
TN:
SF:src/components/Contacts/Contacts.jsx
FN:14,Contacts
FN:18,(anonymous_1)
FN:20,(anonymous_2)
FN:21,(anonymous_3)
FN:24,(anonymous_4)
FN:29,(anonymous_5)
FN:31,(anonymous_6)
FN:40,(anonymous_7)
FN:41,(anonymous_8)
FNF:9
FNH:9
FNDA:11,Contacts
FNDA:7,(anonymous_1)
FNDA:6,(anonymous_2)
FNDA:2,(anonymous_3)
FNDA:1,(anonymous_4)
FNDA:1,(anonymous_5)
FNDA:1,(anonymous_6)
FNDA:2,(anonymous_7)
FNDA:1,(anonymous_8)
DA:9,4
DA:15,11
DA:16,11
DA:18,11
DA:19,7
DA:21,6
DA:22,6
DA:25,1
DA:29,11
DA:30,1
DA:32,1
DA:33,1
DA:37,11
DA:41,2
LF:14
LH:14
BRF:0
BRH:0
end_of_record
TN:
SF:src/components/Rooms/Rooms.jsx
FN:12,Rooms
FN:15,(anonymous_1)
FN:17,(anonymous_2)
FN:20,(anonymous_3)
FN:25,(anonymous_4)
FN:27,(anonymous_5)
FN:36,(anonymous_6)
FN:40,(anonymous_7)
FNF:8
FNH:8
FNDA:9,Rooms
FNDA:4,(anonymous_1)
FNDA:3,(anonymous_2)
FNDA:1,(anonymous_3)
FNDA:1,(anonymous_4)
FNDA:1,(anonymous_5)
FNDA:3,(anonymous_6)
FNDA:1,(anonymous_7)
DA:7,4
DA:13,9
DA:15,9
DA:16,4
DA:18,3
DA:21,1
DA:25,9
DA:26,1
DA:28,1
DA:29,1
DA:33,9
DA:37,3
DA:40,1
LF:13
LH:13
BRF:0
BRH:0
end_of_record
TN:
SF:src/context/socketContext.jsx
FN:7,(anonymous_0)
FNF:1
FNH:1
FNDA:16,(anonymous_0)
DA:5,5
DA:7,5
DA:8,16
DA:10,16
DA:11,16
DA:18,5
LF:6
LH:6
BRDA:8,0,0,0
BRDA:8,0,1,16
BRF:2
BRH:1
end_of_record
TN:
SF:src/context/userContext.jsx
FN:6,(anonymous_0)
FNF:1
FNH:1
FNDA:27,(anonymous_0)
DA:4,6
DA:6,6
DA:7,27
DA:9,27
DA:16,6
LF:5
LH:5
BRF:0
BRH:0
end_of_record
TN:
SF:src/pages/Home/Home.jsx
FN:9,Home
FN:17,(anonymous_1)
FN:22,(anonymous_2)
FN:29,(anonymous_3)
FN:33,(anonymous_4)
FNF:5
FNH:5
FNDA:15,Home
FNDA:6,(anonymous_1)
FNDA:2,(anonymous_2)
FNDA:2,(anonymous_3)
FNDA:1,(anonymous_4)
DA:11,15
DA:12,15
DA:13,15
DA:14,15
DA:15,15
DA:17,15
DA:18,6
DA:19,6
DA:22,15
DA:23,2
DA:24,2
DA:25,2
DA:26,2
DA:29,15
DA:30,2
DA:33,15
DA:34,1
DA:37,15
LF:18
LH:18
BRDA:41,0,0,2
BRDA:41,0,1,13
BRDA:45,1,0,15
BRDA:45,1,1,3
BRF:4
BRH:4
end_of_record
TN:
SF:src/pages/Login/Login.jsx
FN:7,Login
FN:13,(anonymous_1)
FN:16,(anonymous_2)
FN:22,(anonymous_3)
FN:33,(anonymous_4)
FN:37,(anonymous_5)
FNF:6
FNH:6
FNDA:39,Login
FNDA:2,(anonymous_1)
FNDA:1,(anonymous_2)
FNDA:1,(anonymous_3)
FNDA:20,(anonymous_4)
FNDA:16,(anonymous_5)
DA:8,39
DA:9,39
DA:10,39
DA:11,39
DA:13,39
DA:14,2
DA:15,2
DA:17,1
DA:18,1
DA:19,1
DA:20,1
DA:23,1
DA:27,39
DA:33,20
DA:37,16
LF:15
LH:15
BRF:0
BRH:0
end_of_record
TN:
SF:src/pages/Signup/Signup.jsx
FN:8,Signup
FN:26,(anonymous_1)
FN:31,(anonymous_2)
FN:33,(anonymous_3)
FN:39,(anonymous_4)
FNF:5
FNH:5
FNDA:11,Signup
FNDA:24,(anonymous_1)
FNDA:2,(anonymous_2)
FNDA:1,(anonymous_3)
FNDA:1,(anonymous_4)
DA:9,11
DA:10,11
DA:11,11
DA:13,11
DA:27,24
DA:31,11
DA:32,2
DA:34,1
DA:35,1
DA:36,1
DA:37,1
DA:40,1
DA:44,11
LF:13
LH:13
BRDA:27,0,0,24
BRDA:27,0,1,18
BRDA:50,1,0,1
BRDA:50,1,1,10
BRDA:53,2,0,11
BRDA:53,2,1,1
BRDA:58,3,0,11
BRDA:58,3,1,1
BRDA:61,4,0,11
BRDA:61,4,1,1
BRDA:66,5,0,11
BRDA:66,5,1,2
BRDA:69,6,0,11
BRDA:69,6,1,2
BRF:14
BRH:14
end_of_record
TN:
SF:src/services/auth.js
FN:3,(anonymous_0)
FN:21,(anonymous_1)
FNF:2
FNH:2
FNDA:2,(anonymous_0)
FNDA:2,(anonymous_1)
DA:3,3
DA:4,2
DA:5,2
DA:13,2
DA:14,1
DA:15,1
DA:17,1
DA:21,3
DA:22,2
DA:23,2
DA:31,2
DA:32,1
DA:33,1
DA:35,1
LF:14
LH:14
BRDA:13,0,0,1
BRDA:13,0,1,1
BRDA:31,1,0,1
BRDA:31,1,1,1
BRF:4
BRH:4
end_of_record
TN:
SF:src/services/messages.js
FN:1,(anonymous_0)
FNF:1
FNH:1
FNDA:2,(anonymous_0)
DA:1,4
DA:2,2
DA:3,2
DA:11,2
DA:12,1
DA:13,1
DA:15,1
LF:7
LH:7
BRDA:11,0,0,1
BRDA:11,0,1,1
BRF:2
BRH:2
end_of_record
TN:
SF:src/utils/customFetch.js
FN:1,(anonymous_0)
FNF:1
FNH:1
FNDA:5,(anonymous_0)
DA:1,4
DA:2,5
DA:4,5
DA:5,5
DA:6,5
DA:7,5
DA:8,1
DA:9,1
DA:12,4
LF:9
LH:9
BRDA:7,0,0,1
BRDA:7,0,1,4
BRF:2
BRH:2
end_of_record
TN:
SF:src/utils/errorManager.js
FN:1,(anonymous_0)
FNF:1
FNH:1
FNDA:3,(anonymous_0)
DA:1,6
DA:2,3
LF:2
LH:2
BRF:0
BRH:0
end_of_record
